<?xml version="1.0" encoding="UTF-8"?>
<!-- Generated by org.testng.reporters.JUnitReportReporter -->
<testsuite hostname="kaineras-OptiPlex-9020" name="nestor_sanchez.training.globant.com.tests.Tests" tests="6" failures="0" timestamp="21 Sep 2015 19:31:14 GMT" time="37.404" errors="0">
  <testcase name="checkSearch" time="6.769" classname="nestor_sanchez.training.globant.com.tests.Tests"/>
  <testcase name="dateCreationTest" time="3.896" classname="nestor_sanchez.training.globant.com.tests.Tests"/>
  <testcase name="calendarTest" time="5.390" classname="nestor_sanchez.training.globant.com.tests.Tests"/>
  <testcase name="checkTitle" time="4.009" classname="nestor_sanchez.training.globant.com.tests.Tests"/>
  <testcase name="fillContactComplete" time="7.831" classname="nestor_sanchez.training.globant.com.tests.Tests"/>
  <testcase name="fillContactNoComplete" time="9.509" classname="nestor_sanchez.training.globant.com.tests.Tests"/>
</testsuite>
